20:39:31 **** Incremental Build of configuration Debug for project LED_BLINK_01 ****
make -j16 all 
arm-none-eabi-gcc "../Core/Src/main.c" -mcpu=cortex-m4 -std=gnu11 -g3 -DDEBUG -DUSE_HAL_DRIVER -DSTM32F411xE -c -I../Core/Inc -I../Drivers/STM32F4xx_HAL_Driver/Inc -I../Drivers/STM32F4xx_HAL_Driver/Inc/Legacy -I../Drivers/CMSIS/Device/ST/STM32F4xx/Include -I../Drivers/CMSIS/Include -O0 -ffunction-sections -fdata-sections -Wall -fstack-usage -fcyclomatic-complexity -MMD -MP -MF"Core/Src/main.d" -MT"Core/Src/main.o" --specs=nano.specs -mfpu=fpv4-sp-d16 -mfloat-abi=hard -mthumb -o "Core/Src/main.o"
arm-none-eabi-gcc -o "LED_BLINK_01.elf" @"objects.list"   -mcpu=cortex-m4 -T"C:\Users\bdh99\OneDrive\Î∞îÌÉï ?ôîÎ©?\Í≥ºÏ†ú\?ùòÍ≥µÏ¢Ö?ï©?Ñ§Í≥ÑSTM\LED_BLINK_01\STM32F411RETX_FLASH.ld" --specs=nosys.specs -Wl,-Map="LED_BLINK_01.map" -Wl,--gc-sections -static --specs=nano.specs -mfpu=fpv4-sp-d16 -mfloat-abi=hard -mthumb -Wl,--start-group -lc -lm -Wl,--end-group
C:/ST/STM32CubeIDE_1.13.1/STM32CubeIDE/plugins/com.st.stm32cube.ide.mcu.externaltools.gnu-tools-for-stm32.11.3.rel1.win32_1.1.0.202305231506/tools/bin/../lib/gcc/arm-none-eabi/11.3.1/../../../../arm-none-eabi/bin/ld.exe: cannot open linker script file C:\Users\bdh99\OneDrive\??????? ?????Ñπ?ÖÑ\??ÖÉ?Öå??Ö§?\?????ÖÉ?ÖÖ??Ñ≤????Ñπ???Ñ¥??ÖÉ?STM\LED_BLINK_01\STM32F411RETX_FLASH.ld: No such file or directory
collect2.exe: error: ld returned 1 exit status
make: *** [makefile:64: LED_BLINK_01.elf] Error 1
"make -j16 all" terminated with exit code 2. Build might be incomplete.

20:39:31 Build Failed. 2 errors, 0 warnings. (took 414ms)

